{"/Users/renalapriansyah/me/hacktiv8/RCTN-80/sesi-13/react-app/src/App.jsx": {"path":"/Users/renalapriansyah/me/hacktiv8/RCTN-80/sesi-13/react-app/src/App.jsx","statementMap":{"0":{"start":{"line":7,"column":2},"end":{"line":12,"column":4}}},"fnMap":{"0":{"name":"App","decl":{"start":{"line":6,"column":9},"end":{"line":6,"column":12}},"loc":{"start":{"line":6,"column":15},"end":{"line":13,"column":1}},"line":6}},"branchMap":{},"s":{"0":6},"f":{"0":6},"b":{},"_coverageSchema":"1a1c01bbd47fc00a2c39e90264f33305004495a9","hash":"524ccaea9000542c091e50ab4f53471240c2c4b7"}
,"/Users/renalapriansyah/me/hacktiv8/RCTN-80/sesi-13/react-app/src/pages/Home/index.jsx": {"path":"/Users/renalapriansyah/me/hacktiv8/RCTN-80/sesi-13/react-app/src/pages/Home/index.jsx","statementMap":{"0":{"start":{"line":4,"column":13},"end":{"line":84,"column":1}},"1":{"start":{"line":5,"column":32},"end":{"line":5,"column":43}},"2":{"start":{"line":7,"column":2},"end":{"line":83,"column":4}},"3":{"start":{"line":72,"column":55},"end":{"line":72,"column":78}},"4":{"start":{"line":75,"column":54},"end":{"line":75,"column":77}}},"fnMap":{"0":{"name":"(anonymous_0)","decl":{"start":{"line":4,"column":13},"end":{"line":4,"column":14}},"loc":{"start":{"line":4,"column":19},"end":{"line":84,"column":1}},"line":4},"1":{"name":"(anonymous_1)","decl":{"start":{"line":72,"column":49},"end":{"line":72,"column":50}},"loc":{"start":{"line":72,"column":55},"end":{"line":72,"column":78}},"line":72},"2":{"name":"(anonymous_2)","decl":{"start":{"line":75,"column":48},"end":{"line":75,"column":49}},"loc":{"start":{"line":75,"column":54},"end":{"line":75,"column":77}},"line":75}},"branchMap":{},"s":{"0":2,"1":11,"2":11,"3":2,"4":3},"f":{"0":11,"1":2,"2":3},"b":{},"_coverageSchema":"1a1c01bbd47fc00a2c39e90264f33305004495a9","hash":"481d421c43f77012aa02cb12eb7af21bf4a2d4ff"}
,"/Users/renalapriansyah/me/hacktiv8/RCTN-80/sesi-13/react-app/src/pages/Users/index.jsx": {"path":"/Users/renalapriansyah/me/hacktiv8/RCTN-80/sesi-13/react-app/src/pages/Users/index.jsx","statementMap":{"0":{"start":{"line":5,"column":14},"end":{"line":92,"column":1}},"1":{"start":{"line":6,"column":28},"end":{"line":6,"column":40}},"2":{"start":{"line":8,"column":21},"end":{"line":13,"column":3}},"3":{"start":{"line":9,"column":21},"end":{"line":11,"column":5}},"4":{"start":{"line":12,"column":4},"end":{"line":12,"column":19}},"5":{"start":{"line":15,"column":2},"end":{"line":17,"column":9}},"6":{"start":{"line":16,"column":4},"end":{"line":16,"column":17}},"7":{"start":{"line":19,"column":2},"end":{"line":91,"column":4}},"8":{"start":{"line":71,"column":14},"end":{"line":83,"column":16}}},"fnMap":{"0":{"name":"(anonymous_0)","decl":{"start":{"line":5,"column":14},"end":{"line":5,"column":15}},"loc":{"start":{"line":5,"column":20},"end":{"line":92,"column":1}},"line":5},"1":{"name":"(anonymous_1)","decl":{"start":{"line":8,"column":21},"end":{"line":8,"column":22}},"loc":{"start":{"line":8,"column":33},"end":{"line":13,"column":3}},"line":8},"2":{"name":"(anonymous_2)","decl":{"start":{"line":15,"column":12},"end":{"line":15,"column":13}},"loc":{"start":{"line":15,"column":18},"end":{"line":17,"column":3}},"line":15},"3":{"name":"(anonymous_3)","decl":{"start":{"line":70,"column":23},"end":{"line":70,"column":24}},"loc":{"start":{"line":70,"column":33},"end":{"line":84,"column":13}},"line":70}},"branchMap":{"0":{"loc":{"start":{"line":75,"column":37},"end":{"line":75,"column":78}},"type":"cond-expr","locations":[{"start":{"line":75,"column":57},"end":{"line":75,"column":66}},{"start":{"line":75,"column":69},"end":{"line":75,"column":78}}],"line":75}},"s":{"0":2,"1":5,"2":5,"3":4,"4":2,"5":5,"6":4,"7":5,"8":10},"f":{"0":5,"1":4,"2":4,"3":10},"b":{"0":[5,5]},"_coverageSchema":"1a1c01bbd47fc00a2c39e90264f33305004495a9","hash":"42aa81cb5ecb717e264bb7fe4c72f1a31c0eeef5"}
}
