TN:
SF:src/App.jsx
FN:6,App
FNF:1
FNH:1
FNDA:6,App
DA:7,6
LF:1
LH:1
BRF:0
BRH:0
end_of_record
TN:
SF:src/pages/Home/index.jsx
FN:4,(anonymous_0)
FN:72,(anonymous_1)
FN:75,(anonymous_2)
FNF:3
FNH:3
FNDA:11,(anonymous_0)
FNDA:2,(anonymous_1)
FNDA:3,(anonymous_2)
DA:4,2
DA:5,11
DA:7,11
DA:72,2
DA:75,3
LF:5
LH:5
BRF:0
BRH:0
end_of_record
TN:
SF:src/pages/Users/index.jsx
FN:5,(anonymous_0)
FN:8,(anonymous_1)
FN:15,(anonymous_2)
FN:70,(anonymous_3)
FNF:4
FNH:4
FNDA:5,(anonymous_0)
FNDA:4,(anonymous_1)
FNDA:4,(anonymous_2)
FNDA:10,(anonymous_3)
DA:5,2
DA:6,5
DA:8,5
DA:9,4
DA:12,2
DA:15,5
DA:16,4
DA:19,5
DA:71,10
LF:9
LH:9
BRDA:75,0,0,5
BRDA:75,0,1,5
BRF:2
BRH:2
end_of_record
